<?xml version="1.0" encoding="UTF-8"?>
<!-- Generated by org.testng.reporters.JUnitReportReporter -->
<testsuite skipped="0" hostname="DESKTOP-LBNBJ24" name="br.carloskafka.planetstarwars.servicos.TestesServicoListagemPlanetaApiStarWars" tests="2" failures="0" timestamp="18 mar 2019 03:59:45 GMT" time="0.162" errors="0">
  <testcase name="dado_um_cliente_quando_o_cliente_consultar_os_planetas_da_api_star_wars_e_estiver_fora_do_ar_entao_retorna_erro" time="0.147" classname="br.carloskafka.planetstarwars.servicos.TestesServicoListagemPlanetaApiStarWars"/>
  <testcase name="dado_um_cliente_quando_o_cliente_consultar_os_planetas_da_api_star_wars_entao_retorna_todos_os_planetas" time="0.015" classname="br.carloskafka.planetstarwars.servicos.TestesServicoListagemPlanetaApiStarWars"/>
</testsuite> <!-- br.carloskafka.planetstarwars.servicos.TestesServicoListagemPlanetaApiStarWars -->
