<?xml version="1.0" encoding="UTF-8"?>
<!-- Generated by org.testng.reporters.JUnitReportReporter -->
<testsuite skipped="0" hostname="DESKTOP-LBNBJ24" name="br.carloskafka.planetstarwars.fabricas.TestesFabricaPlaneta" tests="3" failures="0" timestamp="18 mar 2019 04:04:32 GMT" time="0.032" errors="0">
  <testcase name="dado_uma_fabrica_planeta_quando_converter_um_planeta_dominio_para_planeta_dto_entao_retorna_um_planeta_dto" time="0.032" classname="br.carloskafka.planetstarwars.fabricas.TestesFabricaPlaneta"/>
  <testcase name="dado_uma_fabrica_planeta_quando_converter_um_planeta_dto_para_planeta_dominio_entao_retorna_um_planeta_dominio" time="0.000" classname="br.carloskafka.planetstarwars.fabricas.TestesFabricaPlaneta"/>
  <testcase name="dado_uma_fabrica_planeta_quando_converter_varios_planetas_dominio_para_varios_planetas_dto_entao_retorna_varios_planeta_dto" time="0.000" classname="br.carloskafka.planetstarwars.fabricas.TestesFabricaPlaneta"/>
</testsuite> <!-- br.carloskafka.planetstarwars.fabricas.TestesFabricaPlaneta -->
