<?xml version="1.0" encoding="UTF-8"?>
<!-- Generated by org.testng.reporters.JUnitReportReporter -->
<testsuite skipped="0" hostname="DESKTOP-LBNBJ24" name="br.carloskafka.planetstarwars.TestesControladorPlaneta" tests="1" failures="0" timestamp="18 mar 2019 00:41:14 GMT" time="0.478" errors="0">
  <testcase name="dado_um_cliente_quando_o_cliente_adicionar_um_planeta_invalido_entao_retorna_erros" time="0.478" classname="br.carloskafka.planetstarwars.TestesControladorPlaneta"/>
</testsuite> <!-- br.carloskafka.planetstarwars.TestesControladorPlaneta -->
