<?xml version="1.0" encoding="UTF-8"?>
<!-- Generated by org.testng.reporters.JUnitReportReporter -->
<testsuite skipped="0" hostname="DESKTOP-LBNBJ24" name="br.carloskafka.planetstarwars.TestesServicoListagemPlanetaApiStarWars" tests="1" failures="0" timestamp="18 mar 2019 01:19:28 GMT" time="0.157" errors="0">
  <testcase name="dado_um_cliente_quando_o_cliente_consultar_os_planetas_da_api_star_wars_e_estiver_fora_do_ar_entao_retorna_erro" time="0.157" classname="br.carloskafka.planetstarwars.TestesServicoListagemPlanetaApiStarWars"/>
</testsuite> <!-- br.carloskafka.planetstarwars.TestesServicoListagemPlanetaApiStarWars -->
