<?xml version="1.0" encoding="UTF-8"?>
<!-- Generated by org.testng.reporters.JUnitReportReporter -->
<testsuite skipped="0" hostname="DESKTOP-LBNBJ24" name="br.carloskafka.planetstarwars.dominio.TestesPlaneta" tests="1" failures="0" timestamp="18 mar 2019 03:24:10 GMT" time="0.000" errors="0">
  <testcase name="dado_um_planeta_quando_for_validar_se_um_planeta_e_igual_ao_outro_planeta_entao_retorna_verdadeiro" time="0.000" classname="br.carloskafka.planetstarwars.dominio.TestesPlaneta"/>
</testsuite> <!-- br.carloskafka.planetstarwars.dominio.TestesPlaneta -->
